2021-12-12T18:11:25+00:00 CRITICAL syntax error, unexpected '}' in /Applications/MAMP/htdocs/FearFreeTest/wp-content/themes/storefront-child-theme-master/functions.php on line 40

2021-12-12T18:13:27+00:00 CRITICAL syntax error, unexpected '}' in /Applications/MAMP/htdocs/FearFreeTest/wp-content/themes/storefront-child-theme-master/functions.php on line 41

2021-12-12T18:13:29+00:00 CRITICAL syntax error, unexpected '}' in /Applications/MAMP/htdocs/FearFreeTest/wp-content/themes/storefront-child-theme-master/functions.php on line 41

2021-12-12T18:15:27+00:00 CRITICAL syntax error, unexpected '}' in /Applications/MAMP/htdocs/FearFreeTest/wp-content/themes/storefront-child-theme-master/functions.php on line 41

2021-12-12T18:15:29+00:00 CRITICAL syntax error, unexpected 'post_type' (T_STRING), expecting ';' in /Applications/MAMP/htdocs/FearFreeTest/wp-content/themes/storefront-child-theme-master/functions.php on line 33

2021-12-12T18:17:07+00:00 CRITICAL syntax error, unexpected 'post_type' (T_STRING), expecting ';' in /Applications/MAMP/htdocs/FearFreeTest/wp-content/themes/storefront-child-theme-master/functions.php on line 32

2021-12-12T18:17:10+00:00 CRITICAL syntax error, unexpected 'post_type' (T_STRING), expecting ';' in /Applications/MAMP/htdocs/FearFreeTest/wp-content/themes/storefront-child-theme-master/functions.php on line 32

2021-12-12T18:17:19+00:00 CRITICAL syntax error, unexpected 'post_type' (T_STRING), expecting ';' in /Applications/MAMP/htdocs/FearFreeTest/wp-content/themes/storefront-child-theme-master/functions.php on line 32

2021-12-12T18:17:19+00:00 CRITICAL syntax error, unexpected 'post_type' (T_STRING), expecting ';' in /Applications/MAMP/htdocs/FearFreeTest/wp-content/themes/storefront-child-theme-master/functions.php on line 32

2021-12-12T18:17:20+00:00 CRITICAL syntax error, unexpected 'post_type' (T_STRING), expecting ';' in /Applications/MAMP/htdocs/FearFreeTest/wp-content/themes/storefront-child-theme-master/functions.php on line 32

2021-12-12T18:17:21+00:00 CRITICAL syntax error, unexpected 'post_type' (T_STRING), expecting ';' in /Applications/MAMP/htdocs/FearFreeTest/wp-content/themes/storefront-child-theme-master/functions.php on line 32

2021-12-12T18:17:25+00:00 CRITICAL syntax error, unexpected 'post_type' (T_STRING), expecting ';' in /Applications/MAMP/htdocs/FearFreeTest/wp-content/themes/storefront-child-theme-master/functions.php on line 32

2021-12-12T18:17:26+00:00 CRITICAL syntax error, unexpected 'post_type' (T_STRING), expecting ';' in /Applications/MAMP/htdocs/FearFreeTest/wp-content/themes/storefront-child-theme-master/functions.php on line 32

2021-12-12T18:17:28+00:00 CRITICAL syntax error, unexpected 'post_type' (T_STRING), expecting ';' in /Applications/MAMP/htdocs/FearFreeTest/wp-content/themes/storefront-child-theme-master/functions.php on line 32

2021-12-12T18:27:02+00:00 CRITICAL Uncaught Error: Call to a member function get_name() on null in /Applications/MAMP/htdocs/FearFreeTest/wp-content/themes/storefront-child-theme-master/functions.php:40
Stack trace:
#0 /Applications/MAMP/htdocs/FearFreeTest/wp-includes/shortcodes.php(356): get_popup_products('', '', 'GetProducts')
#1 [internal function]: do_shortcode_tag(Array)
#2 /Applications/MAMP/htdocs/FearFreeTest/wp-includes/shortcodes.php(228): preg_replace_callback('/\\[(\\[?)(GetPro...', 'do_shortcode_ta...', '[GetProducts]')
#3 /Applications/MAMP/htdocs/FearFreeTest/wp-content/plugins/arscode-ninja-popups 2/include/builder.inc.php(377): do_shortcode('[GetProducts]')
#4 /Applications/MAMP/htdocs/FearFreeTest/wp-content/plugins/arscode-ninja-popups 2/themes/builder/template.php(53): snp_builder_create_element('html', 3, 3, Array)
#5 /Applications/MAMP/htdocs/FearFreeTest/wp-content/plugins/arscode-ninja-popups 2/arscode-ninja-popups.php(1374): include('/Applications/M...')
#6 /Applications/MAMP/htdocs/FearFreeTest/wp-content/plugins/ar in /Applications/MAMP/htdocs/FearFreeTest/wp-content/themes/storefront-child-theme-master/functions.php on line 40

2021-12-12T18:28:20+00:00 CRITICAL Uncaught Error: Call to a member function get_name() on null in /Applications/MAMP/htdocs/FearFreeTest/wp-content/themes/storefront-child-theme-master/functions.php:40
Stack trace:
#0 /Applications/MAMP/htdocs/FearFreeTest/wp-includes/shortcodes.php(356): get_popup_products('', '', 'GetProducts')
#1 [internal function]: do_shortcode_tag(Array)
#2 /Applications/MAMP/htdocs/FearFreeTest/wp-includes/shortcodes.php(228): preg_replace_callback('/\\[(\\[?)(GetPro...', 'do_shortcode_ta...', '[GetProducts]')
#3 /Applications/MAMP/htdocs/FearFreeTest/wp-content/plugins/arscode-ninja-popups 2/include/builder.inc.php(377): do_shortcode('[GetProducts]')
#4 /Applications/MAMP/htdocs/FearFreeTest/wp-content/plugins/arscode-ninja-popups 2/themes/builder/template.php(53): snp_builder_create_element('html', 3, 3, Array)
#5 /Applications/MAMP/htdocs/FearFreeTest/wp-content/plugins/arscode-ninja-popups 2/arscode-ninja-popups.php(1374): include('/Applications/M...')
#6 /Applications/MAMP/htdocs/FearFreeTest/wp-content/plugins/ar in /Applications/MAMP/htdocs/FearFreeTest/wp-content/themes/storefront-child-theme-master/functions.php on line 40

2021-12-12T18:33:53+00:00 CRITICAL syntax error, unexpected ';', expecting identifier (T_STRING) or variable (T_VARIABLE) or '{' or '$' in /Applications/MAMP/htdocs/FearFreeTest/wp-content/themes/storefront-child-theme-master/functions.php on line 48

2021-12-12T18:35:55+00:00 CRITICAL syntax error, unexpected ';', expecting identifier (T_STRING) or variable (T_VARIABLE) or '{' or '$' in /Applications/MAMP/htdocs/FearFreeTest/wp-content/themes/storefront-child-theme-master/functions.php on line 48

2021-12-12T19:59:20+00:00 CRITICAL Uncaught Error: Call to undefined method WP_Post::get_the_title() in /Applications/MAMP/htdocs/FearFreeTest/wp-content/themes/storefront-child-theme-master/functions.php:37
Stack trace:
#0 /Applications/MAMP/htdocs/FearFreeTest/wp-includes/shortcodes.php(356): get_popup_products('', '', 'GetProducts')
#1 [internal function]: do_shortcode_tag(Array)
#2 /Applications/MAMP/htdocs/FearFreeTest/wp-includes/shortcodes.php(228): preg_replace_callback('/\\[(\\[?)(GetPro...', 'do_shortcode_ta...', '<div>[GetProduc...')
#3 /Applications/MAMP/htdocs/FearFreeTest/wp-content/plugins/arscode-ninja-popups 2/include/builder.inc.php(377): do_shortcode('<div>[GetProduc...')
#4 /Applications/MAMP/htdocs/FearFreeTest/wp-content/plugins/arscode-ninja-popups 2/themes/builder/template.php(53): snp_builder_create_element('html', 3, 3, Array)
#5 /Applications/MAMP/htdocs/FearFreeTest/wp-content/plugins/arscode-ninja-popups 2/arscode-ninja-popups.php(1374): include('/Applications/M...')
#6 /Applications/MAMP/htdocs/FearFreeTest/wp-con in /Applications/MAMP/htdocs/FearFreeTest/wp-content/themes/storefront-child-theme-master/functions.php on line 37

2021-12-12T19:59:27+00:00 CRITICAL Uncaught Error: Call to undefined method WP_Post::get_the_title() in /Applications/MAMP/htdocs/FearFreeTest/wp-content/themes/storefront-child-theme-master/functions.php:37
Stack trace:
#0 /Applications/MAMP/htdocs/FearFreeTest/wp-includes/shortcodes.php(356): get_popup_products('', '', 'GetProducts')
#1 [internal function]: do_shortcode_tag(Array)
#2 /Applications/MAMP/htdocs/FearFreeTest/wp-includes/shortcodes.php(228): preg_replace_callback('/\\[(\\[?)(GetPro...', 'do_shortcode_ta...', '<div>[GetProduc...')
#3 /Applications/MAMP/htdocs/FearFreeTest/wp-content/plugins/arscode-ninja-popups 2/include/builder.inc.php(377): do_shortcode('<div>[GetProduc...')
#4 /Applications/MAMP/htdocs/FearFreeTest/wp-content/plugins/arscode-ninja-popups 2/themes/builder/template.php(53): snp_builder_create_element('html', 3, 3, Array)
#5 /Applications/MAMP/htdocs/FearFreeTest/wp-content/plugins/arscode-ninja-popups 2/arscode-ninja-popups.php(1374): include('/Applications/M...')
#6 /Applications/MAMP/htdocs/FearFreeTest/wp-con in /Applications/MAMP/htdocs/FearFreeTest/wp-content/themes/storefront-child-theme-master/functions.php on line 37

2021-12-12T19:59:40+00:00 CRITICAL Uncaught Error: Call to undefined method WP_Post::get_the_title() in /Applications/MAMP/htdocs/FearFreeTest/wp-content/themes/storefront-child-theme-master/functions.php:37
Stack trace:
#0 /Applications/MAMP/htdocs/FearFreeTest/wp-includes/shortcodes.php(356): get_popup_products('', '', 'GetProducts')
#1 [internal function]: do_shortcode_tag(Array)
#2 /Applications/MAMP/htdocs/FearFreeTest/wp-includes/shortcodes.php(228): preg_replace_callback('/\\[(\\[?)(GetPro...', 'do_shortcode_ta...', '<div>[GetProduc...')
#3 /Applications/MAMP/htdocs/FearFreeTest/wp-content/plugins/arscode-ninja-popups 2/include/builder.inc.php(377): do_shortcode('<div>[GetProduc...')
#4 /Applications/MAMP/htdocs/FearFreeTest/wp-content/plugins/arscode-ninja-popups 2/themes/builder/template.php(53): snp_builder_create_element('html', 3, 3, Array)
#5 /Applications/MAMP/htdocs/FearFreeTest/wp-content/plugins/arscode-ninja-popups 2/arscode-ninja-popups.php(1374): include('/Applications/M...')
#6 /Applications/MAMP/htdocs/FearFreeTest/wp-con in /Applications/MAMP/htdocs/FearFreeTest/wp-content/themes/storefront-child-theme-master/functions.php on line 37

